{
  "RSpec": {
    "coverage": {
      "/Users/shadikhazaei/Documents/Projects/Bank-tech-test/spec/account_spec.rb": {
        "lines": [
          null,
          null,
          1,
          null,
          1,
          1,
          1,
          null,
          null,
          1,
          1,
          null,
          null,
          2,
          null,
          1,
          1,
          1,
          1,
          null,
          null,
          1,
          2,
          null,
          null,
          1,
          2,
          null,
          null,
          null,
          2,
          null,
          1,
          1,
          1,
          1,
          1,
          null,
          null,
          1,
          2,
          null,
          null,
          1,
          2,
          null,
          null,
          null
        ]
      },
      "/Users/shadikhazaei/Documents/Projects/Bank-tech-test/lib/account.rb": {
        "lines": [
          null,
          null,
          1,
          1,
          null,
          1,
          10,
          10,
          null,
          null,
          1,
          4,
          3,
          null,
          2,
          2,
          null,
          null,
          1,
          3,
          2,
          null,
          1,
          1,
          null,
          null,
          1,
          1,
          2,
          null,
          null,
          1,
          1,
          null,
          null,
          1,
          2,
          null,
          null,
          1,
          1,
          null,
          null,
          null
        ]
      },
      "/Users/shadikhazaei/Documents/Projects/Bank-tech-test/spec/printer_spec.rb": {
        "lines": [
          1,
          null,
          1,
          null,
          2,
          null
        ]
      },
      "/Users/shadikhazaei/Documents/Projects/Bank-tech-test/lib/printer.rb": {
        "lines": [
          null,
          null,
          1,
          null,
          1,
          null,
          null
        ]
      }
    },
    "timestamp": 1582667625
  }
}
